<html>
<body>
<pre>
<h1>µVision Build Log</h1>
<h2>Tool Versions:</h2>
IDE-Version: ¦ÌVision V5.32.0.0
Copyright (C) 2020 ARM Ltd and ARM Germany GmbH. All rights reserved.
License Information: sink sink, sink, LIC=LSNXV-PPNXP-01MP1-C5ET2-YHSE8-CL8FM
 
Tool Versions:
Toolchain:       MDK-ARM Plus  Version: 5.32.0.0
Toolchain Path:  D:\Keil_stm32\ARM\ARMCC\Bin
C Compiler:      Armcc.exe V5.06 update 7 (build 960)
Assembler:       Armasm.exe V5.06 update 7 (build 960)
Linker/Locator:  ArmLink.exe V5.06 update 7 (build 960)
Library Manager: ArmAr.exe V5.06 update 7 (build 960)
Hex Converter:   FromElf.exe V5.06 update 7 (build 960)
CPU DLL:         SARMCM3.DLL V5.32.0.0
Dialog DLL:      DCM.DLL V1.17.3.0
Target DLL:      CMSIS_AGDI.dll V1.32.12.0
Dialog DLL:      TCM.DLL V1.46.0.0
 
<h2>Project:</h2>
d:\Study\stm32Project\demo\demo.uvprojx
Project File Date:  01/15/2025

<h2>Output:</h2>
*** Using Compiler 'V5.06 update 7 (build 960)', folder: 'D:\Keil_stm32\ARM\ARMCC\Bin'
Rebuild target 'Target 1'
assembling startup_stm32f10x_md.s...
compiling core_cm3.c...
compiling misc.c...
compiling stm32f10x_crc.c...
compiling stm32f10x_dbgmcu.c...
compiling system_stm32f10x.c...
compiling stm32f10x_dma.c...
compiling stm32f10x_bkp.c...
compiling stm32f10x_cec.c...
compiling stm32f10x_dac.c...
compiling stm32f10x_adc.c...
compiling stm32f10x_can.c...
compiling stm32f10x_exti.c...
compiling stm32f10x_flash.c...
compiling stm32f10x_fsmc.c...
compiling stm32f10x_i2c.c...
compiling stm32f10x_iwdg.c...
compiling stm32f10x_pwr.c...
compiling stm32f10x_rtc.c...
compiling stm32f10x_sdio.c...
compiling stm32f10x_spi.c...
compiling stm32f10x_gpio.c...
compiling stm32f10x_rcc.c...
compiling stm32f10x_tim.c...
compiling stm32f10x_wwdg.c...
compiling stm32f10x_usart.c...
compiling main.c...
compiling stm32f10x_it.c...
compiling pwm.c...
compiling gpio.c...
compiling OLED.c...
compiling servo.c...
compiling beeper.c...
compiling adc.c...
compiling button.c...
compiling encoder.c...
compiling led.c...
compiling mpu6050.c...
Hardware\mpu6050.c(49): warning:  #223-D: function "MPU6050_WriteByte" declared implicitly
      MPU6050_WriteByte(MPU6050_RA_PWR_MGMT_1, 0x00);  // ?????õô
Hardware\mpu6050.c(55): warning:  #223-D: function "MPU6050_Calibrate" declared implicitly
      MPU6050_Calibrate();
Hardware\mpu6050.c(58): error:  #159: declaration is incompatible with previous "MPU6050_Calibrate"  (declared at line 55)
  void MPU6050_Calibrate(void)
Hardware\mpu6050.c(65): error:  #254: type name is not allowed
      for(uint8_t i = 0; i < 100; i++) {
Hardware\mpu6050.c(65): error:  #65: expected a ";"
      for(uint8_t i = 0; i < 100; i++) {
Hardware\mpu6050.c(65): error:  #20: identifier "i" is undefined
      for(uint8_t i = 0; i < 100; i++) {
Hardware\mpu6050.c(66): warning:  #223-D: function "MPU6050_GetMotion6" declared implicitly
          MPU6050_GetMotion6(&ax, &ay, &az, &gx, &gy, &gz);
Hardware\mpu6050.c(85): error:  #159: declaration is incompatible with previous "MPU6050_GetMotion6"  (declared at line 66)
  void MPU6050_GetMotion6(int16_t* ax, int16_t* ay, int16_t* az,
Hardware\mpu6050.c(89): warning:  #223-D: function "MPU6050_ReadBytes" declared implicitly
      MPU6050_ReadBytes(MPU6050_RA_ACCEL_XOUT_H, 14, buf);
Hardware\mpu6050.c: 4 warnings, 5 errors
compiling light_sensor.c...
compiling temp_sensor.c...
Hardware\temp_sensor.c(17): error:  #20: identifier "TEMP_SENSOR_PORT" is undefined
      GPIO_Init(TEMP_SENSOR_PORT, &GPIO_InitStructure);
Hardware\temp_sensor.c(29): error:  #20: identifier "TEMP_SENSOR_CHANNEL" is undefined
      ADC_RegularChannelConfig(ADC1, TEMP_SENSOR_CHANNEL, 1, ADC_SampleTime_239Cycles5);
Hardware\temp_sensor.c: 0 warnings, 2 errors
".\Objects\demo.axf" - 7 Error(s), 4 Warning(s).

<h2>Software Packages used:</h2>

Package Vendor: Keil
                https://www.keil.com/pack/Keil.STM32F1xx_DFP.2.4.1.pack
                Keil.STM32F1xx_DFP.2.4.1
                STMicroelectronics STM32F1 Series Device Support, Drivers and Examples

<h2>Collection of Component include folders:</h2>
  D:\Keil_stm32\Packs\Keil\STM32F1xx_DFP\2.4.1\Device\Include

<h2>Collection of Component Files used:</h2>
Target not created.
Build Time Elapsed:  00:00:03
</pre>
</body>
</html>
