*** Using Compiler 'V5.06 update 7 (build 960)', folder: 'D:\Keil_stm32\ARM\ARMCC\Bin'
Rebuild target 'Target 1'
Note: source file '.\Middlewares\adc.c' - object file renamed from '.\Objects\adc.o' to '.\Objects\adc_1.o'.assembling startup_stm32f10x_md.s...
compiling stm32f10x_dbgmcu.c...
compiling core_cm3.c...
compiling misc.c...
compiling stm32f10x_adc.c...
compiling stm32f10x_crc.c...
compiling stm32f10x_dac.c...
compiling stm32f10x_cec.c...
compiling system_stm32f10x.c...
compiling stm32f10x_bkp.c...
compiling stm32f10x_can.c...
compiling stm32f10x_dma.c...
compiling stm32f10x_exti.c...
compiling stm32f10x_fsmc.c...
compiling stm32f10x_i2c.c...
compiling stm32f10x_flash.c...
compiling stm32f10x_gpio.c...
compiling stm32f10x_sdio.c...
compiling stm32f10x_iwdg.c...
compiling stm32f10x_rcc.c...
compiling stm32f10x_rtc.c...
compiling stm32f10x_pwr.c...
compiling stm32f10x_spi.c...
compiling servo.c...
compiling beeper.c...
compiling adc.c...
compiling encoder.c...
compiling stm32f10x_tim.c...
compiling stm32f10x_wwdg.c...
compiling main.c...
User\main.c(33): error:  #29: expected an expression
          for(int i = 0; i < BTN_COUNT; i++)
User\main.c(33): error:  #20: identifier "i" is undefined
          for(int i = 0; i < BTN_COUNT; i++)
User\main.c: 0 warnings, 2 errors
compiling stm32f10x_usart.c...
compiling stm32f10x_it.c...
compiling OLED.c...
compiling light_sensor.c...
compiling button.c...
Hardware\button.c(25): warning:  #188-D: enumerated type mixed with another type
  static ButtonState buttonStates[BTN_COUNT] = {0};
Hardware\button.c(59): error:  #29: expected an expression
      for(int i = 0; i < BTN_COUNT; i++)
Hardware\button.c(59): error:  #20: identifier "i" is undefined
      for(int i = 0; i < BTN_COUNT; i++)
Hardware\button.c(130): error:  #29: expected an expression
      for(int i = 0; i < BTN_COUNT; i++)
Hardware\button.c(130): error:  #20: identifier "i" is undefined
      for(int i = 0; i < BTN_COUNT; i++)
Hardware\button.c: 1 warning, 4 errors
compiling i2c.c...
compiling mpu6050.c...
compiling temp_sensor.c...
compiling adc.c...
compiling pwm.c...
compiling exti.c...
compiling gpio.c...
compiling system.c...
compiling menu.c...
compiling alarm.c...
compiling control.c...
compiling indicator.c...
compiling led.c...
compiling delay.c...
".\Objects\demo.axf" - 6 Error(s), 1 Warning(s).
Target not created.
Build Time Elapsed:  00:00:02
